0 info it worked if it ends with ok
1 verbose cli [ 'node', '/usr/local/bin/npm', 'update', '-g', 'bower' ]
2 info using npm@1.4.16
3 info using node@v0.10.29
4 verbose request where is /bower
5 verbose request registry https://registry.npmjs.org/
6 verbose request id 15b34225d82c8142
7 verbose url raw /bower
8 verbose url resolving [ 'https://registry.npmjs.org/', './bower' ]
9 verbose url resolved https://registry.npmjs.org/bower
10 verbose request where is https://registry.npmjs.org/bower
11 info trying registry request attempt 1 at 23:12:34
12 verbose etag "BCK0XJYDWRKGOJGN3OA02VGBJ"
13 http GET https://registry.npmjs.org/bower
14 http 200 https://registry.npmjs.org/bower
15 silly registry.get cb [ 200,
15 silly registry.get   { date: 'Thu, 03 Jul 2014 21:12:34 GMT',
15 silly registry.get     server: 'CouchDB/1.5.0 (Erlang OTP/R16B03)',
15 silly registry.get     etag: '"D1E7VQEI27H2N2JOHENR4O94W"',
15 silly registry.get     'content-type': 'application/json',
15 silly registry.get     'cache-control': 'max-age=30',
15 silly registry.get     'content-length': '103066',
15 silly registry.get     'accept-ranges': 'bytes',
15 silly registry.get     via: '1.1 varnish',
15 silly registry.get     age: '211',
15 silly registry.get     'x-served-by': 'cache-ams4124-AMS',
15 silly registry.get     'x-cache': 'HIT',
15 silly registry.get     'x-cache-hits': '1',
15 silly registry.get     'x-timer': 'S1404421954.918554,VS0,VE0',
15 silly registry.get     vary: 'Accept',
15 silly registry.get     'keep-alive': 'timeout=10, max=50',
15 silly registry.get     connection: 'Keep-Alive' } ]
16 info outdated updating [ [ '/usr/local/lib', 'bower', '1.3.5', '1.3.6', '1.3.6', '*' ] ]
17 verbose install where,what [ '/usr/local/lib', [ 'bower@1.3.6' ] ]
18 verbose cache add [ 'bower@1.3.6', null ]
19 verbose cache add name=undefined spec="bower@1.3.6" args=["bower@1.3.6",null]
20 verbose parsed url { protocol: null,
20 verbose parsed url   slashes: null,
20 verbose parsed url   auth: null,
20 verbose parsed url   host: null,
20 verbose parsed url   port: null,
20 verbose parsed url   hostname: null,
20 verbose parsed url   hash: null,
20 verbose parsed url   search: null,
20 verbose parsed url   query: null,
20 verbose parsed url   pathname: 'bower@1.3.6',
20 verbose parsed url   path: 'bower@1.3.6',
20 verbose parsed url   href: 'bower@1.3.6' }
21 verbose cache add name="bower" spec="1.3.6" args=["bower","1.3.6"]
22 verbose parsed url { protocol: null,
22 verbose parsed url   slashes: null,
22 verbose parsed url   auth: null,
22 verbose parsed url   host: null,
22 verbose parsed url   port: null,
22 verbose parsed url   hostname: null,
22 verbose parsed url   hash: null,
22 verbose parsed url   search: null,
22 verbose parsed url   query: null,
22 verbose parsed url   pathname: '1.3.6',
22 verbose parsed url   path: '1.3.6',
22 verbose parsed url   href: '1.3.6' }
23 verbose addNamed [ 'bower', '1.3.6' ]
24 verbose addNamed [ '1.3.6', '1.3.6' ]
25 silly lockFile 4c553376-bower-1-3-6 bower@1.3.6
26 verbose lock bower@1.3.6 /Users/menencia/.npm/4c553376-bower-1-3-6.lock
27 verbose registry.get https://registry.npmjs.org/bower not expired, no request
28 silly lockFile 80c805eb--npmjs-org-bower-bower-1-3-6-tgz https://registry.npmjs.org/bower/-/bower-1.3.6.tgz
29 verbose lock https://registry.npmjs.org/bower/-/bower-1.3.6.tgz /Users/menencia/.npm/80c805eb--npmjs-org-bower-bower-1-3-6-tgz.lock
30 verbose addRemoteTarball [ 'https://registry.npmjs.org/bower/-/bower-1.3.6.tgz',
30 verbose addRemoteTarball   'db643fdaab0376c3c526939d709e9852a46ca2ed' ]
31 info retry fetch attempt 1 at 23:12:36
32 verbose fetch to= /var/folders/02/lm8mqxfd3n5bcjwslt5klbzc0000gn/T/npm-9890-ApogI_rQ/registry.npmjs.org/bower/-/bower-1.3.6.tgz
33 http GET https://registry.npmjs.org/bower/-/bower-1.3.6.tgz
34 http 200 https://registry.npmjs.org/bower/-/bower-1.3.6.tgz
35 silly lockFile 80c805eb--npmjs-org-bower-bower-1-3-6-tgz https://registry.npmjs.org/bower/-/bower-1.3.6.tgz
36 silly lockFile 80c805eb--npmjs-org-bower-bower-1-3-6-tgz https://registry.npmjs.org/bower/-/bower-1.3.6.tgz
37 silly lockFile 4c553376-bower-1-3-6 bower@1.3.6
38 silly lockFile 4c553376-bower-1-3-6 bower@1.3.6
39 silly resolved [ { name: 'bower',
39 silly resolved     version: '1.3.6',
39 silly resolved     description: 'The browser package manager',
39 silly resolved     author: { name: 'Twitter' },
39 silly resolved     licenses: [ [Object] ],
39 silly resolved     repository: { type: 'git', url: 'git://github.com/bower/bower' },
39 silly resolved     main: 'lib',
39 silly resolved     homepage: 'http://bower.io',
39 silly resolved     engines: { node: '>=0.10.0' },
39 silly resolved     dependencies:
39 silly resolved      { abbrev: '~1.0.4',
39 silly resolved        archy: '~0.0.2',
39 silly resolved        'bower-config': '~0.5.2',
39 silly resolved        'bower-endpoint-parser': '~0.2.2',
39 silly resolved        'bower-json': '~0.4.0',
39 silly resolved        'bower-logger': '~0.2.2',
39 silly resolved        'bower-registry-client': '~0.2.0',
39 silly resolved        cardinal: '~0.4.0',
39 silly resolved        chalk: '~0.4.0',
39 silly resolved        chmodr: '~0.1.0',
39 silly resolved        'decompress-zip': '~0.0.6',
39 silly resolved        fstream: '~0.1.22',
39 silly resolved        'fstream-ignore': '~0.0.6',
39 silly resolved        glob: '~4.0.2',
39 silly resolved        'graceful-fs': '~3.0.1',
39 silly resolved        handlebars: '~1.3.0',
39 silly resolved        inquirer: '~0.5.1',
39 silly resolved        insight: '~0.3.0',
39 silly resolved        'is-root': '~0.1.0',
39 silly resolved        junk: '~0.3.0',
39 silly resolved        lockfile: '~0.4.2',
39 silly resolved        'lru-cache': '~2.5.0',
39 silly resolved        mkdirp: '~0.5.0',
39 silly resolved        mout: '~0.9.1',
39 silly resolved        nopt: '~3.0.0',
39 silly resolved        opn: '~0.1.1',
39 silly resolved        osenv: '~0.1.0',
39 silly resolved        'p-throttler': '~0.0.1',
39 silly resolved        promptly: '~0.2.0',
39 silly resolved        q: '~1.0.1',
39 silly resolved        request: '~2.36.0',
39 silly resolved        'request-progress': '~0.3.0',
39 silly resolved        retry: '~0.6.0',
39 silly resolved        rimraf: '~2.2.0',
39 silly resolved        semver: '~2.3.0',
39 silly resolved        'shell-quote': '~1.4.1',
39 silly resolved        'stringify-object': '~0.2.0',
39 silly resolved        tar: '~0.1.17',
39 silly resolved        tmp: '~0.0.23',
39 silly resolved        'update-notifier': '~0.1.8',
39 silly resolved        which: '~1.0.5' },
39 silly resolved     devDependencies:
39 silly resolved      { 'expect.js': '~0.3.1',
39 silly resolved        grunt: '~0.4.4',
39 silly resolved        'grunt-contrib-jshint': '~0.10.0',
39 silly resolved        'grunt-contrib-watch': '~0.6.1',
39 silly resolved        'grunt-exec': '~0.4.2',
39 silly resolved        'grunt-simple-mocha': '~0.4.0',
39 silly resolved        istanbul: '~0.2.4',
39 silly resolved        'load-grunt-tasks': '~0.4.0',
39 silly resolved        mocha: '~1.20.1',
39 silly resolved        nock: '~0.34.1',
39 silly resolved        proxyquire: '~1.0.1',
39 silly resolved        coveralls: '~2.10.0',
39 silly resolved        'node-uuid': '~1.4.1' },
39 silly resolved     scripts: { test: 'grunt test' },
39 silly resolved     bin: { bower: 'bin/bower' },
39 silly resolved     preferGlobal: true,
39 silly resolved     bugs: { url: 'https://github.com/bower/bower/issues' },
39 silly resolved     _id: 'bower@1.3.6',
39 silly resolved     dist:
39 silly resolved      { shasum: 'db643fdaab0376c3c526939d709e9852a46ca2ed',
39 silly resolved        tarball: 'http://registry.npmjs.org/bower/-/bower-1.3.6.tgz' },
39 silly resolved     _from: 'bower@1.3.6',
39 silly resolved     _npmVersion: '1.3.24',
39 silly resolved     _npmUser: { name: 'sheerun', email: 'sheerun@sher.pl' },
39 silly resolved     maintainers: [ [Object], [Object], [Object], [Object], [Object], [Object] ],
39 silly resolved     directories: {},
39 silly resolved     _shasum: 'db643fdaab0376c3c526939d709e9852a46ca2ed',
39 silly resolved     _resolved: 'https://registry.npmjs.org/bower/-/bower-1.3.6.tgz' } ]
40 info install bower@1.3.6 into /usr/local/lib
41 info installOne bower@1.3.6
42 verbose lib/node_modules/bower unbuild
43 info preuninstall bower@1.3.5
44 info uninstall bower@1.3.5
45 verbose true,/usr/local/lib/node_modules,/usr/local/lib/node_modules unbuild bower@1.3.5
46 verbose /usr/local/bin,[object Object] binRoot
47 info postuninstall bower@1.3.5
48 verbose lib/node_modules/bower unbuild
49 info preuninstall bower@1.3.5
50 info uninstall bower@1.3.5
51 verbose true,/usr/local/lib/node_modules,/usr/local/lib/node_modules unbuild bower@1.3.5
52 verbose /usr/local/bin,[object Object] binRoot
53 info postuninstall bower@1.3.5
54 error error rolling back Error: EACCES, unlink '/usr/local/lib/node_modules/bower'
54 error error rolling back  bower@1.3.6 { [Error: EACCES, unlink '/usr/local/lib/node_modules/bower']
54 error error rolling back   errno: 3,
54 error error rolling back   code: 'EACCES',
54 error error rolling back   path: '/usr/local/lib/node_modules/bower' }
55 error Error: EACCES, unlink '/usr/local/lib/node_modules/bower'
55 error  { [Error: EACCES, unlink '/usr/local/lib/node_modules/bower']
55 error   errno: 3,
55 error   code: 'EACCES',
55 error   path: '/usr/local/lib/node_modules/bower' }
56 error Please try running this command again as root/Administrator.
57 error System Darwin 13.2.0
58 error command "node" "/usr/local/bin/npm" "update" "-g" "bower"
59 error cwd /Users/menencia/Sites/menencia/clickingff7
60 error node -v v0.10.29
61 error npm -v 1.4.16
62 error path /usr/local/lib/node_modules/bower
63 error code EACCES
64 error errno 3
65 error stack Error: EACCES, unlink '/usr/local/lib/node_modules/bower'
66 verbose exit [ 3, true ]
